\BOOKMARK [1][]{section*.1}{\376\377\000R\000e\000s\000e\000a\000r\000c\000h\000\040\000S\000t\000a\000t\000e\000m\000e\000n\000t}{}% 1
\BOOKMARK [1][]{section*.2}{\376\377\000R\000e\000s\000e\000a\000r\000c\000h\000\040\000E\000x\000p\000e\000r\000i\000e\000n\000c\000e}{}% 2
\BOOKMARK [1][]{section*.3}{\376\377\000E\000d\000u\000c\000a\000t\000i\000o\000n}{}% 3
\BOOKMARK [1][]{section*.4}{\376\377\000H\000o\000n\000o\000r\000s\000\040\000\046\000\040\000A\000w\000a\000r\000d\000s}{}% 4
\BOOKMARK [1][]{section*.5}{\376\377\000P\000u\000b\000l\000i\000c\000a\000t\000i\000o\000n\000s}{}% 5
\BOOKMARK [2][]{section*.6}{\376\377\000J\000o\000u\000r\000n\000a\000l\000\040\000P\000u\000b\000l\000i\000c\000a\000t\000i\000o\000n\000s}{section*.5}% 6
\BOOKMARK [2][]{section*.7}{\376\377\000R\000e\000f\000e\000r\000e\000e\000d\000\040\000C\000o\000n\000f\000e\000r\000e\000n\000c\000e\000\040\000P\000u\000b\000l\000i\000c\000a\000t\000i\000o\000n\000s}{section*.5}% 7
\BOOKMARK [2][]{section*.8}{\376\377\000R\000e\000f\000e\000r\000e\000e\000d\000\040\000A\000b\000s\000t\000r\000a\000c\000t\000s}{section*.5}% 8
\BOOKMARK [2][]{section*.9}{\376\377\000I\000n\000v\000i\000t\000e\000d\000\040\000T\000a\000l\000k\000s}{section*.5}% 9
\BOOKMARK [2][]{section*.10}{\376\377\000W\000o\000r\000k\000s\000h\000o\000p\000s\000\040\000\046\000\040\000C\000o\000l\000l\000o\000q\000u\000i\000a}{section*.5}% 10
\BOOKMARK [2][]{section*.11}{\376\377\000C\000a\000m\000p\000u\000s\000\040\000T\000a\000l\000k\000s}{section*.5}% 11
\BOOKMARK [2][]{section*.12}{\376\377\000G\000r\000a\000n\000t\000s\000\040\000\046\000\040\000F\000e\000l\000l\000o\000w\000s\000h\000i\000p\000s}{section*.5}% 12
\BOOKMARK [2][]{section*.13}{\376\377\000D\000o\000c\000t\000o\000r\000a\000l\000\040\000D\000i\000s\000s\000e\000r\000t\000a\000t\000i\000o\000n}{section*.5}% 13
\BOOKMARK [1][]{section*.14}{\376\377\000T\000e\000a\000c\000h\000i\000n\000g}{}% 14
\BOOKMARK [1][]{section*.15}{\376\377\000M\000e\000n\000t\000o\000r\000s\000h\000i\000p\000\040\000\046\000\040\000A\000d\000v\000i\000s\000i\000n\000g}{}% 15
\BOOKMARK [2][]{section*.16}{\376\377\000T\000h\000e\000s\000i\000s\000\040\000C\000o\000m\000m\000i\000t\000t\000e\000e\000\040\000M\000e\000m\000b\000e\000r\000s\000h\000i\000p}{section*.15}% 16
\BOOKMARK [2][]{section*.17}{\376\377\000U\000n\000d\000e\000r\000g\000r\000a\000d\000u\000a\000t\000e\000\040\000R\000e\000s\000e\000a\000r\000c\000h\000\040\000M\000e\000n\000t\000o\000r\000s\000h\000i\000p}{section*.15}% 17
\BOOKMARK [1][]{section*.18}{\376\377\000P\000r\000o\000f\000e\000s\000s\000i\000o\000n\000a\000l\000\040\000A\000c\000t\000i\000v\000i\000t\000i\000e\000s\000\040\000\046\000\040\000S\000e\000r\000v\000i\000c\000e}{}% 18
\BOOKMARK [2][]{section*.19}{\376\377\000P\000r\000o\000f\000e\000s\000s\000i\000o\000n\000a\000l\000\040\000O\000u\000t\000r\000e\000a\000c\000h}{section*.18}% 19
\BOOKMARK [2][]{section*.20}{\376\377\000U\000n\000i\000v\000e\000r\000s\000i\000t\000y\000\040\000S\000e\000r\000v\000i\000c\000e}{section*.18}% 20
\BOOKMARK [2][]{section*.21}{\376\377\000R\000e\000f\000e\000r\000e\000e\000\040\000S\000e\000r\000v\000i\000c\000e}{section*.18}% 21
\BOOKMARK [2][]{section*.22}{\376\377\000P\000r\000o\000f\000e\000s\000s\000i\000o\000n\000a\000l\000\040\000\046\000\040\000A\000c\000a\000d\000e\000m\000i\000c\000\040\000M\000e\000m\000b\000e\000r\000s\000h\000i\000p\000s}{section*.18}% 22
\BOOKMARK [2][]{section*.23}{\376\377\000V\000o\000l\000u\000n\000t\000e\000e\000r\000\040\000P\000o\000s\000i\000t\000i\000o\000n\000s}{section*.18}% 23
\BOOKMARK [1][]{section*.24}{\376\377\000P\000r\000o\000f\000e\000s\000s\000i\000o\000n\000a\000l\000\040\000R\000e\000f\000e\000r\000e\000n\000c\000e\000s}{}% 24
